<?xml version="1.0" encoding="utf-8"?><testsuites><testsuite errors="0" failures="0" hostname="gilbertdeMacBook-Pro.local" name="pytest" skipped="3" tests="8" time="1.266" timestamp="2021-03-17T16:55:41.087895"><testcase classname="Tests.test_marks.TestMarks" file="Tests/test_marks.py" line="13" name="test_tag" time="0.001"></testcase><testcase classname="Tests.test_marks.TestMarks" file="Tests/test_marks.py" line="20" name="test_the_unknow" time="0.000"><skipped message="not implementation" type="pytest.skip">Tests/test_marks.py:21: not implementation</skipped></testcase><testcase classname="Tests.test_marks.TestMarks" file="Tests/test_marks.py" line="27" name="test_skipif" time="0.000"></testcase><testcase classname="Tests.test_marks.TestMarks" file="Tests/test_marks.py" line="34" name="test_xfail" time="0.000"><skipped message="" type="pytest.xfail"></skipped></testcase><testcase classname="Tests.test_marks.TestMarks" file="Tests/test_marks.py" line="43" name="test_xfail_not_run" time="0.000"><skipped message="[NOTRUN] " type="pytest.xfail"></skipped></testcase><testcase classname="Tests.Douban.test_in_theaters.TestInTheaters" file="Tests/Douban/test_in_theaters.py" line="21" name="test_in_theaters[验证响应中title和rate与请求中的参数一致]" time="0.398"></testcase><testcase classname="Tests.Douban.test_in_theaters.TestInTheaters" file="Tests/Douban/test_in_theaters.py" line="21" name="test_in_theaters[验证响应中第一条数据的title是&quot;二十二&quot;]" time="0.350"></testcase><testcase classname="Tests.Macwk.test_in_macsofts.TestInMacsofts" file="Tests/Macwk/test_in_macsofts.py" line="12" name="test_in_theaters[验证响应中title和language与预期结果一致]" time="0.234"></testcase></testsuite></testsuites>