{
  "uid" : "8999ccc3de53e2ee",
  "name" : "test_xfail",
  "fullName" : "Tests.MarkDemo.test_marks.TestMarks#test_xfail",
  "historyId" : "4b1032b5ae3cf8de3f092441142afaef",
  "time" : {
    "start" : 1616410505776,
    "stop" : 1616410505776,
    "duration" : 0
  },
  "description" : "\n        Indicate that you expect it to fail\n        这条用例失败时，测试结果被标记为xfail（expected to fail），并且不打印错误信息。\n        这条用例执行成功时，测试结果被标记为xpassed（unexpectedly passing）\n        ",
  "descriptionHtml" : "<pre><code>    Indicate that you expect it to fail\n    这条用例失败时，测试结果被标记为xfail（expected to fail），并且不打印错误信息。\n    这条用例执行成功时，测试结果被标记为xpassed（unexpectedly passing）\n</code></pre>\n",
  "status" : "skipped",
  "statusMessage" : "XFAIL\n\nAssertionError: assert 0",
  "statusTrace" : "self = <Tests.MarkDemo.test_marks.TestMarks object at 0x7fc40dd6cd30>\n\n    @pytest.mark.xfail\n    def test_xfail(self):\n        \"\"\"\n        Indicate that you expect it to fail\n        这条用例失败时，测试结果被标记为xfail（expected to fail），并且不打印错误信息。\n        这条用例执行成功时，测试结果被标记为xpassed（unexpectedly passing）\n        \"\"\"\n>       assert 0\nE       assert 0\n\nTests/MarkDemo/test_marks.py:42: AssertionError",
  "flaky" : false,
  "newFailed" : false,
  "beforeStages" : [ {
    "name" : "testcase_setup_teardown",
    "time" : {
      "start" : 1616410505775,
      "stop" : 1616410505775,
      "duration" : 0
    },
    "status" : "passed",
    "steps" : [ ],
    "attachments" : [ ],
    "parameters" : [ ],
    "attachmentsCount" : 0,
    "stepsCount" : 0,
    "shouldDisplayMessage" : false,
    "hasContent" : false
  }, {
    "name" : "testsuite_setup_teardown",
    "time" : {
      "start" : 1616410504408,
      "stop" : 1616410504408,
      "duration" : 0
    },
    "status" : "passed",
    "steps" : [ ],
    "attachments" : [ ],
    "parameters" : [ ],
    "attachmentsCount" : 0,
    "stepsCount" : 0,
    "shouldDisplayMessage" : false,
    "hasContent" : false
  } ],
  "afterStages" : [ {
    "name" : "testcase_setup_teardown::0",
    "time" : {
      "start" : 1616410505833,
      "stop" : 1616410505833,
      "duration" : 0
    },
    "status" : "passed",
    "steps" : [ ],
    "attachments" : [ ],
    "parameters" : [ ],
    "attachmentsCount" : 0,
    "stepsCount" : 0,
    "shouldDisplayMessage" : false,
    "hasContent" : false
  }, {
    "name" : "testsuite_setup_teardown::0",
    "time" : {
      "start" : 1616410505870,
      "stop" : 1616410505871,
      "duration" : 1
    },
    "status" : "passed",
    "steps" : [ ],
    "attachments" : [ ],
    "parameters" : [ ],
    "attachmentsCount" : 0,
    "stepsCount" : 0,
    "shouldDisplayMessage" : false,
    "hasContent" : false
  } ],
  "labels" : [ {
    "name" : "tag",
    "value" : "@pytest.mark.xfail"
  }, {
    "name" : "parentSuite",
    "value" : "Tests.MarkDemo"
  }, {
    "name" : "suite",
    "value" : "test_marks"
  }, {
    "name" : "subSuite",
    "value" : "TestMarks"
  }, {
    "name" : "host",
    "value" : "gilbertdeMacBook-Pro.local"
  }, {
    "name" : "thread",
    "value" : "52161-MainThread"
  }, {
    "name" : "framework",
    "value" : "pytest"
  }, {
    "name" : "language",
    "value" : "cpython3"
  }, {
    "name" : "package",
    "value" : "Tests.MarkDemo.test_marks"
  }, {
    "name" : "resultFormat",
    "value" : "allure2"
  } ],
  "parameters" : [ ],
  "links" : [ ],
  "hidden" : false,
  "retry" : false,
  "extra" : {
    "severity" : "normal",
    "retries" : [ ],
    "categories" : [ ],
    "tags" : [ "@pytest.mark.xfail" ]
  },
  "source" : "8999ccc3de53e2ee.json",
  "parameterValues" : [ ]
}