{"name": "test_tag", "status": "failed", "statusDetails": {"message": "AssertionError: assert 0", "trace": "self = <Tests.MarkDemo.test_marks.TestMarks object at 0x7fe1565c9c70>\n\n    @pytest.mark.tag\n    def test_tag(self):\n        \"\"\"\n        自定义标签：tag\n        \"\"\"\n>       assert 0\nE       assert 0\n\nTests/MarkDemo/test_marks.py:21: AssertionError"}, "description": "\n        自定义标签：tag\n        ", "start": 1616417751590, "stop": 1616417751591, "uuid": "8046262c-3b13-4b42-91a9-98849e363467", "historyId": "bc809ddd2de0a0e609367e38c4827187", "testCaseId": "5f1dc7529592970f1de34bc845b17efb", "fullName": "Tests.MarkDemo.test_marks.TestMarks#test_tag", "labels": [{"name": "feature", "value": "pytest标记与分组"}, {"name": "tag", "value": "tag"}, {"name": "parentSuite", "value": "Tests.MarkDemo"}, {"name": "suite", "value": "test_marks"}, {"name": "subSuite", "value": "TestMarks"}, {"name": "host", "value": "gilbertdeMacBook-Pro.local"}, {"name": "thread", "value": "59090-MainThread"}, {"name": "framework", "value": "pytest"}, {"name": "language", "value": "cpython3"}, {"name": "package", "value": "Tests.MarkDemo.test_marks"}]}